CRITICAL - 2021-04-06 11:46:18 --> Cannot declare class App\Controllers\Pages, because the name is already in use
#0 [internal function]: CodeIgniter\Debug\Exceptions->shutdownHandler()
#1 {main}
CRITICAL - 2021-04-06 11:55:46 --> syntax error, unexpected token "if"
#0 F:\xamp\htdocs\cultivation\vendor\codeigniter4\framework\system\CodeIgniter.php(385): CodeIgniter\CodeIgniter->tryToRouteIt(NULL)
#1 F:\xamp\htdocs\cultivation\vendor\codeigniter4\framework\system\CodeIgniter.php(333): CodeIgniter\CodeIgniter->handleRequest(NULL, Object(Config\Cache), false)
#2 F:\xamp\htdocs\cultivation\public\index.php(44): CodeIgniter\CodeIgniter->run()
#3 F:\xamp\htdocs\cultivation\vendor\codeigniter4\framework\system\Commands\Server\rewrite.php(45): require_once('F:\\xamp\\htdocs\\...')
#4 {main}
CRITICAL - 2021-04-06 11:56:27 --> Cannot declare class App\Controllers\Pages, because the name is already in use
#0 [internal function]: CodeIgniter\Debug\Exceptions->shutdownHandler()
#1 {main}
CRITICAL - 2021-04-06 11:57:09 --> Cannot declare class App\Controllers\Pages, because the name is already in use
#0 [internal function]: CodeIgniter\Debug\Exceptions->shutdownHandler()
#1 {main}
CRITICAL - 2021-04-06 11:57:11 --> Cannot declare class App\Controllers\Pages, because the name is already in use
#0 [internal function]: CodeIgniter\Debug\Exceptions->shutdownHandler()
#1 {main}
CRITICAL - 2021-04-06 11:57:11 --> Cannot declare class App\Controllers\Pages, because the name is already in use
#0 [internal function]: CodeIgniter\Debug\Exceptions->shutdownHandler()
#1 {main}
