CRITICAL - 2021-04-08 00:33:00 --> file(hero/crisbar.jpg): Failed to open stream: No such file or directory
#0 [internal function]: CodeIgniter\Debug\Exceptions->errorHandler(2, 'file(hero/crisb...', 'F:\\xamp\\htdocs\\...', 86)
#1 F:\xamp\htdocs\cultivation\app\Views\pages\home.php(86): file('hero/crisbar.jp...')
#2 F:\xamp\htdocs\cultivation\vendor\codeigniter4\framework\system\View\View.php(220): include('F:\\xamp\\htdocs\\...')
#3 F:\xamp\htdocs\cultivation\vendor\codeigniter4\framework\system\View\View.php(222): CodeIgniter\View\View->CodeIgniter\View\{closure}()
#4 F:\xamp\htdocs\cultivation\vendor\codeigniter4\framework\system\Common.php(1217): CodeIgniter\View\View->render('/pages/home', Array, true)
#5 F:\xamp\htdocs\cultivation\app\Controllers\Pages.php(9): view('/pages/home')
#6 F:\xamp\htdocs\cultivation\vendor\codeigniter4\framework\system\CodeIgniter.php(936): App\Controllers\Pages->index()
#7 F:\xamp\htdocs\cultivation\vendor\codeigniter4\framework\system\CodeIgniter.php(432): CodeIgniter\CodeIgniter->runController(Object(App\Controllers\Pages))
#8 F:\xamp\htdocs\cultivation\vendor\codeigniter4\framework\system\CodeIgniter.php(333): CodeIgniter\CodeIgniter->handleRequest(NULL, Object(Config\Cache), false)
#9 F:\xamp\htdocs\cultivation\public\index.php(44): CodeIgniter\CodeIgniter->run()
#10 F:\xamp\htdocs\cultivation\vendor\codeigniter4\framework\system\Commands\Server\rewrite.php(45): require_once('F:\\xamp\\htdocs\\...')
#11 {main}
CRITICAL - 2021-04-08 00:38:50 --> file(hero/crisbar.jpg): Failed to open stream: No such file or directory
#0 [internal function]: CodeIgniter\Debug\Exceptions->errorHandler(2, 'file(hero/crisb...', 'F:\\xamp\\htdocs\\...', 86)
#1 F:\xamp\htdocs\cultivation\app\Views\pages\home.php(86): file('hero/crisbar.jp...')
#2 F:\xamp\htdocs\cultivation\vendor\codeigniter4\framework\system\View\View.php(220): include('F:\\xamp\\htdocs\\...')
#3 F:\xamp\htdocs\cultivation\vendor\codeigniter4\framework\system\View\View.php(222): CodeIgniter\View\View->CodeIgniter\View\{closure}()
#4 F:\xamp\htdocs\cultivation\vendor\codeigniter4\framework\system\Common.php(1217): CodeIgniter\View\View->render('/pages/home', Array, true)
#5 F:\xamp\htdocs\cultivation\app\Controllers\Pages.php(9): view('/pages/home')
#6 F:\xamp\htdocs\cultivation\vendor\codeigniter4\framework\system\CodeIgniter.php(936): App\Controllers\Pages->index()
#7 F:\xamp\htdocs\cultivation\vendor\codeigniter4\framework\system\CodeIgniter.php(432): CodeIgniter\CodeIgniter->runController(Object(App\Controllers\Pages))
#8 F:\xamp\htdocs\cultivation\vendor\codeigniter4\framework\system\CodeIgniter.php(333): CodeIgniter\CodeIgniter->handleRequest(NULL, Object(Config\Cache), false)
#9 F:\xamp\htdocs\cultivation\public\index.php(44): CodeIgniter\CodeIgniter->run()
#10 F:\xamp\htdocs\cultivation\vendor\codeigniter4\framework\system\Commands\Server\rewrite.php(45): require_once('F:\\xamp\\htdocs\\...')
#11 {main}
